<?xml version="1.0" encoding="UTF-8"?>
<!-- Generated by org.testng.reporters.JUnitReportReporter -->
<testsuite hostname="ITEM-S138736" failures="0" tests="3" name="files.DynamicJson" time="2.489" errors="0" timestamp="2024-02-25T21:12:15 IST" skipped="0">
  <testcase classname="files.DynamicJson" name="addBook" time="2.134"/>
  <system-out/>
  <testcase classname="files.DynamicJson" name="addBook" time="0.166"/>
  <system-out/>
  <testcase classname="files.DynamicJson" name="addBook" time="0.189"/>
  <system-out/>
</testsuite> <!-- files.DynamicJson -->
