<?xml version="1.0" encoding="UTF-8"?>
<!-- Generated by org.testng.reporters.JUnitReportReporter -->
<testsuite hostname="ITEM-S138736" failures="0" tests="1" name="SumValidation" time="1.437" errors="0" timestamp="2024-02-25T21:12:03 IST" skipped="0">
  <testcase classname="SumValidation" name="SumOfCourses" time="1.437"/>
  <system-out/>
</testsuite> <!-- SumValidation -->
